TN:
SF:src/modules/appointments/services/CreateAppointmentService.ts
FN:24,(anonymous_18)
FN:25,CreateAppointmentService
FN:36,(anonymous_20)
FNF:3
FNH:3
FNDA:1,(anonymous_18)
FNDA:5,CreateAppointmentService
FNDA:7,(anonymous_20)
DA:1,1
DA:2,1
DA:6,1
DA:24,1
DA:27,5
DA:30,5
DA:33,5
DA:36,7
DA:37,7
DA:39,7
DA:40,3
DA:43,4
DA:44,1
DA:47,3
DA:48,1
DA:51,2
DA:55,2
DA:56,0
DA:59,2
DA:65,2
DA:67,4
DA:72,4
DA:74,2
DA:76,1
DA:78,1
LF:25
LH:24
BRDA:39,0,0,3
BRDA:39,0,1,4
BRDA:43,1,0,1
BRDA:43,1,1,3
BRDA:47,2,0,1
BRDA:47,2,1,2
BRDA:47,3,0,3
BRDA:47,3,1,2
BRDA:55,4,0,0
BRDA:55,4,1,2
BRF:10
BRH:9
end_of_record
TN:
SF:src/modules/appointments/services/ListProviderAppointmentsService.ts
FN:16,(anonymous_17)
FN:17,ListProviderAppointmentsService
FN:26,(anonymous_19)
FNF:3
FNH:3
FNDA:1,(anonymous_17)
FNDA:1,ListProviderAppointmentsService
FNDA:1,(anonymous_19)
DA:1,1
DA:16,1
DA:19,1
DA:21,1
DA:26,1
DA:27,1
DA:28,1
DA:30,1
DA:31,1
DA:38,2
DA:41,1
DA:43,1
DA:45,1
LF:13
LH:13
BRDA:41,0,0,1
BRDA:30,1,0,0
BRDA:30,1,1,1
BRF:3
BRH:2
end_of_record
TN:
SF:src/modules/appointments/services/ListProviderDayAvailabilityService.ts
FN:20,(anonymous_17)
FN:21,ListProviderDayAvailiabilityService
FN:28,(anonymous_19)
FN:40,(anonymous_22)
FN:45,(anonymous_23)
FN:46,(anonymous_24)
FNF:6
FNH:6
FNDA:1,(anonymous_17)
FNDA:1,ListProviderDayAvailiabilityService
FNDA:1,(anonymous_19)
FNDA:10,(anonymous_22)
FNDA:10,(anonymous_23)
FNDA:34,(anonymous_24)
DA:1,1
DA:2,1
DA:20,1
DA:23,1
DA:28,1
DA:29,1
DA:36,1
DA:38,1
DA:40,10
DA:43,1
DA:45,1
DA:46,10
DA:47,34
DA:50,10
DA:52,10
DA:58,1
DA:60,1
DA:62,1
LF:18
LH:18
BRDA:29,0,0,1
BRDA:54,1,0,10
BRDA:54,1,1,6
BRF:3
BRH:3
end_of_record
TN:
SF:src/modules/appointments/services/ListProviderMonthAvailabilityService.ts
FN:18,(anonymous_17)
FN:19,ListProviderMonthAvailiabilityService
FN:26,(anonymous_19)
FN:37,(anonymous_22)
FN:40,(anonymous_23)
FN:41,(anonymous_24)
FNF:6
FNH:6
FNDA:1,(anonymous_17)
FNDA:1,ListProviderMonthAvailiabilityService
FNDA:1,(anonymous_19)
FNDA:31,(anonymous_22)
FNDA:31,(anonymous_23)
FNDA:341,(anonymous_24)
DA:1,1
DA:2,1
DA:18,1
DA:21,1
DA:26,1
DA:27,1
DA:33,1
DA:35,1
DA:37,31
DA:40,1
DA:41,31
DA:42,341
DA:45,31
DA:51,1
DA:53,1
DA:55,1
LF:16
LH:16
BRDA:27,0,0,1
BRF:1
BRH:1
end_of_record
TN:
SF:src/modules/appointments/services/ListProvidersService.ts
FN:13,(anonymous_17)
FN:14,ListProvidersService
FN:21,(anonymous_19)
FNF:3
FNH:3
FNDA:1,(anonymous_17)
FNDA:1,ListProvidersService
FNDA:1,(anonymous_19)
DA:1,1
DA:13,1
DA:16,1
DA:18,1
DA:21,1
DA:22,1
DA:24,1
DA:26,1
DA:27,1
DA:31,2
DA:34,1
DA:36,1
DA:38,1
LF:13
LH:13
BRDA:34,0,0,1
BRDA:26,1,0,0
BRDA:26,1,1,1
BRF:3
BRH:2
end_of_record
TN:
SF:src/modules/users/services/AuthenticateUserService.ts
FN:26,(anonymous_18)
FN:27,AuthenticateUserService
FN:35,(anonymous_20)
FNF:3
FNH:3
FNDA:1,(anonymous_18)
FNDA:3,AuthenticateUserService
FNDA:3,(anonymous_20)
DA:1,1
DA:2,1
DA:4,1
DA:6,1
DA:26,1
DA:29,3
DA:32,3
DA:35,3
DA:36,3
DA:38,3
DA:39,1
DA:42,2
DA:44,2
DA:45,1
DA:48,1
DA:50,1
DA:55,1
DA:60,1
DA:62,1
LF:19
LH:19
BRDA:36,0,0,3
BRDA:38,1,0,1
BRDA:38,1,1,2
BRDA:44,2,0,1
BRDA:44,2,1,1
BRF:5
BRH:5
end_of_record
TN:
SF:src/modules/users/services/CreateUserService.ts
FN:22,(anonymous_18)
FN:23,CreateUserService
FN:34,(anonymous_20)
FNF:3
FNH:3
FNDA:1,(anonymous_18)
FNDA:2,CreateUserService
FNDA:3,(anonymous_20)
DA:1,1
DA:3,1
DA:22,1
DA:25,2
DA:28,2
DA:31,2
DA:34,3
DA:35,3
DA:37,3
DA:38,1
DA:41,2
DA:43,2
DA:49,4
DA:51,2
DA:53,1
DA:55,1
LF:16
LH:16
BRDA:35,0,0,3
BRDA:37,1,0,1
BRDA:37,1,1,2
BRF:3
BRH:3
end_of_record
TN:
SF:src/modules/users/services/ResetPasswordService.ts
FN:20,(anonymous_18)
FN:21,ResetPasswordService
FN:30,(anonymous_20)
FNF:3
FNH:3
FNDA:1,(anonymous_18)
FNDA:4,ResetPasswordService
FNDA:4,(anonymous_20)
DA:1,1
DA:2,1
DA:3,1
DA:20,1
DA:23,4
DA:25,4
DA:27,4
DA:30,4
DA:31,4
DA:33,4
DA:34,1
DA:37,3
DA:38,3
DA:40,3
DA:41,1
DA:44,2
DA:46,2
DA:47,1
DA:50,1
DA:52,2
DA:54,1
DA:56,1
LF:22
LH:22
BRDA:31,0,0,4
BRDA:33,1,0,1
BRDA:33,1,1,3
BRDA:40,2,0,1
BRDA:40,2,1,2
BRDA:46,3,0,1
BRDA:46,3,1,1
BRF:7
BRH:7
end_of_record
TN:
SF:src/modules/users/services/SendForgotPasswordEmailService.ts
FN:20,(anonymous_18)
FN:21,SendForgotPasswordEmailService
FN:30,(anonymous_20)
FNF:3
FNH:3
FNDA:1,(anonymous_18)
FNDA:3,SendForgotPasswordEmailService
FNDA:3,(anonymous_20)
DA:1,1
DA:2,1
DA:4,1
DA:20,1
DA:23,3
DA:25,3
DA:27,3
DA:30,3
DA:31,3
DA:33,3
DA:34,1
DA:37,2
DA:39,2
DA:41,4
DA:56,1
DA:58,1
LF:16
LH:16
BRDA:31,0,0,3
BRDA:33,1,0,1
BRDA:33,1,1,2
BRDA:51,2,0,1
BRDA:51,2,1,1
BRDA:51,3,0,2
BRDA:51,3,1,2
BRF:7
BRH:7
end_of_record
TN:
SF:src/modules/users/services/ShowProfileService.ts
FN:14,(anonymous_18)
FN:15,ShowProfileService
FN:20,(anonymous_20)
FNF:3
FNH:3
FNDA:1,(anonymous_18)
FNDA:2,ShowProfileService
FNDA:2,(anonymous_20)
DA:1,1
DA:3,1
DA:14,1
DA:17,2
DA:20,2
DA:21,2
DA:23,2
DA:24,1
DA:27,1
DA:30,1
DA:32,1
LF:11
LH:11
BRDA:21,0,0,2
BRDA:23,1,0,1
BRDA:23,1,1,1
BRF:3
BRH:3
end_of_record
TN:
SF:src/modules/users/services/UpdateProfileService.ts
FN:19,(anonymous_18)
FN:20,UpdateProfileService
FN:27,(anonymous_20)
FNF:3
FNH:3
FNDA:1,(anonymous_18)
FNDA:6,UpdateProfileService
FNDA:6,(anonymous_20)
DA:1,1
DA:3,1
DA:19,1
DA:22,6
DA:24,6
DA:27,6
DA:28,6
DA:30,6
DA:31,1
DA:34,5
DA:36,5
DA:37,1
DA:40,4
DA:41,4
DA:43,4
DA:44,1
DA:47,4
DA:48,2
DA:53,2
DA:54,1
DA:57,1
DA:60,2
DA:63,1
DA:65,1
LF:24
LH:24
BRDA:28,0,0,6
BRDA:28,0,1,2
BRDA:30,1,0,1
BRDA:30,1,1,5
BRDA:36,2,0,1
BRDA:36,2,1,4
BRDA:36,3,0,5
BRDA:36,3,1,3
BRDA:43,4,0,1
BRDA:43,4,1,3
BRDA:43,5,0,4
BRDA:43,5,1,3
BRDA:47,6,0,1
BRDA:47,6,1,2
BRDA:47,7,0,3
BRDA:47,7,1,2
BRDA:53,8,0,1
BRDA:53,8,1,1
BRF:18
BRH:18
end_of_record
TN:
SF:src/modules/users/services/UpdateUserAvatarService.ts
FN:16,(anonymous_18)
FN:17,UpdateUserAvatarService
FN:24,(anonymous_20)
FNF:3
FNH:3
FNDA:1,(anonymous_18)
FNDA:3,UpdateUserAvatarService
FNDA:4,(anonymous_20)
DA:1,1
DA:3,1
DA:16,1
DA:19,3
DA:21,3
DA:24,4
DA:25,4
DA:27,4
DA:28,1
DA:31,5
DA:32,2
DA:34,3
DA:36,3
DA:38,3
DA:40,6
DA:42,3
DA:44,1
DA:46,1
LF:18
LH:18
BRDA:25,0,0,4
BRDA:25,0,1,3
BRDA:27,1,0,1
BRDA:27,1,1,3
BRDA:31,2,0,2
BRDA:31,2,1,1
BRF:6
BRH:6
end_of_record
